Script started on 2018-10-09 11:28:06-0400
+ export PATH=/usr/bin:/bin
+ PATH=/usr/bin:/bin
+ export PERL5LIB=
+ PERL5LIB=
+ type -p getorf
+ : ok
+ rm -rf work
+ mkdir work
+ ./scripts/make-db-6ft -f work/foo.faa -g work/foo.gff -s 48 data/genbank.fna
+ ./scripts/db-mine-to-daves.pl work/foo.faa work/foo.gff
+ export LANG=C
+ LANG=C
+ comm -3 /dev/fd/63 /dev/fd/62
++ ./scripts/fasta2seq
++ ./scripts/fasta2seq
++ sort
++ sort
++ cat data/6ft.faa
++ cat work/bar.faa

real	0m2.956s
user	0m3.159s
sys	0m0.232s

Script done on 2018-10-09 11:28:09-0400
